Determining if the pthread_create exist failed with the following output:
Change Dir: /playpen/workspace/newuoa/Correspondence_Oct7/myBuild/CMakeFiles/CMakeTmp

Run Build Command:/usr/bin/make "cmTryCompileExec1809978565/fast"
/usr/bin/make -f CMakeFiles/cmTryCompileExec1809978565.dir/build.make CMakeFiles/cmTryCompileExec1809978565.dir/build
make[1]: Entering directory '/playpen/workspace/newuoa/Correspondence_Oct7/myBuild/CMakeFiles/CMakeTmp'
/playpen/software/cmake-2.8.12-Linux-i386/bin/cmake -E cmake_progress_report /playpen/workspace/newuoa/Correspondence_Oct7/myBuild/CMakeFiles/CMakeTmp/CMakeFiles 1
Building C object CMakeFiles/cmTryCompileExec1809978565.dir/CheckSymbolExists.c.o
/usr/bin/cc    -o CMakeFiles/cmTryCompileExec1809978565.dir/CheckSymbolExists.c.o   -c /playpen/workspace/newuoa/Correspondence_Oct7/myBuild/CMakeFiles/CMakeTmp/CheckSymbolExists.c
Linking C executable cmTryCompileExec1809978565
/playpen/software/cmake-2.8.12-Linux-i386/bin/cmake -E cmake_link_script CMakeFiles/cmTryCompileExec1809978565.dir/link.txt --verbose=1
/usr/bin/cc        CMakeFiles/cmTryCompileExec1809978565.dir/CheckSymbolExists.c.o  -o cmTryCompileExec1809978565 -rdynamic 
CMakeFiles/cmTryCompileExec1809978565.dir/CheckSymbolExists.c.o: In function `main':
CheckSymbolExists.c:(.text+0x16): undefined reference to `pthread_create'
collect2: error: ld returned 1 exit status
CMakeFiles/cmTryCompileExec1809978565.dir/build.make:91: recipe for target 'cmTryCompileExec1809978565' failed
make[1]: Leaving directory '/playpen/workspace/newuoa/Correspondence_Oct7/myBuild/CMakeFiles/CMakeTmp'
make[1]: *** [cmTryCompileExec1809978565] Error 1
Makefile:117: recipe for target 'cmTryCompileExec1809978565/fast' failed
make: *** [cmTryCompileExec1809978565/fast] Error 2

File /playpen/workspace/newuoa/Correspondence_Oct7/myBuild/CMakeFiles/CMakeTmp/CheckSymbolExists.c:
/* */
#include <pthread.h>

int main(int argc, char** argv)
{
  (void)argv;
#ifndef pthread_create
  return ((int*)(&pthread_create))[argc];
#else
  (void)argc;
  return 0;
#endif
}

Determining if the function pthread_create exists in the pthreads failed with the following output:
Change Dir: /playpen/workspace/newuoa/Correspondence_Oct7/myBuild/CMakeFiles/CMakeTmp

Run Build Command:/usr/bin/make "cmTryCompileExec1507946997/fast"
/usr/bin/make -f CMakeFiles/cmTryCompileExec1507946997.dir/build.make CMakeFiles/cmTryCompileExec1507946997.dir/build
make[1]: Entering directory '/playpen/workspace/newuoa/Correspondence_Oct7/myBuild/CMakeFiles/CMakeTmp'
/playpen/software/cmake-2.8.12-Linux-i386/bin/cmake -E cmake_progress_report /playpen/workspace/newuoa/Correspondence_Oct7/myBuild/CMakeFiles/CMakeTmp/CMakeFiles 1
Building C object CMakeFiles/cmTryCompileExec1507946997.dir/CheckFunctionExists.c.o
/usr/bin/cc   -DCHECK_FUNCTION_EXISTS=pthread_create   -o CMakeFiles/cmTryCompileExec1507946997.dir/CheckFunctionExists.c.o   -c /playpen/software/cmake-2.8.12-Linux-i386/share/cmake-2.8/Modules/CheckFunctionExists.c
Linking C executable cmTryCompileExec1507946997
/playpen/software/cmake-2.8.12-Linux-i386/bin/cmake -E cmake_link_script CMakeFiles/cmTryCompileExec1507946997.dir/link.txt --verbose=1
/usr/bin/cc    -DCHECK_FUNCTION_EXISTS=pthread_create    CMakeFiles/cmTryCompileExec1507946997.dir/CheckFunctionExists.c.o  -o cmTryCompileExec1507946997 -rdynamic -lpthreads 
/usr/bin/ld: cannot find -lpthreads
collect2: error: ld returned 1 exit status
CMakeFiles/cmTryCompileExec1507946997.dir/build.make:91: recipe for target 'cmTryCompileExec1507946997' failed
make[1]: *** [cmTryCompileExec1507946997] Error 1
make[1]: Leaving directory '/playpen/workspace/newuoa/Correspondence_Oct7/myBuild/CMakeFiles/CMakeTmp'
Makefile:117: recipe for target 'cmTryCompileExec1507946997/fast' failed
make: *** [cmTryCompileExec1507946997/fast] Error 2


