The system is: Linux - 4.15.0-39-generic - x86_64
Compiling the C compiler identification source file "CMakeCCompilerId.c" succeeded.
Compiler: /usr/bin/cc 
Build flags: 
Id flags: 

The output was:
0


Compilation of the C compiler identification source "CMakeCCompilerId.c" produced "a.out"

The C compiler identification is GNU, found in "/playpen/workspace/newuoa/Correspondence_Oct7/myBuild/CMakeFiles/2.8.12/CompilerIdC/a.out"

Compiling the CXX compiler identification source file "CMakeCXXCompilerId.cpp" succeeded.
Compiler: /usr/bin/c++ 
Build flags: 
Id flags: 

The output was:
0


Compilation of the CXX compiler identification source "CMakeCXXCompilerId.cpp" produced "a.out"

The CXX compiler identification is GNU, found in "/playpen/workspace/newuoa/Correspondence_Oct7/myBuild/CMakeFiles/2.8.12/CompilerIdCXX/a.out"

Determining if the C compiler works passed with the following output:
Change Dir: /playpen/workspace/newuoa/Correspondence_Oct7/myBuild/CMakeFiles/CMakeTmp

Run Build Command:/usr/bin/make "cmTryCompileExec579315850/fast"
/usr/bin/make -f CMakeFiles/cmTryCompileExec579315850.dir/build.make CMakeFiles/cmTryCompileExec579315850.dir/build
make[1]: Entering directory '/playpen/workspace/newuoa/Correspondence_Oct7/myBuild/CMakeFiles/CMakeTmp'
/playpen/software/cmake-2.8.12-Linux-i386/bin/cmake -E cmake_progress_report /playpen/workspace/newuoa/Correspondence_Oct7/myBuild/CMakeFiles/CMakeTmp/CMakeFiles 1
Building C object CMakeFiles/cmTryCompileExec579315850.dir/testCCompiler.c.o
/usr/bin/cc    -o CMakeFiles/cmTryCompileExec579315850.dir/testCCompiler.c.o   -c /playpen/workspace/newuoa/Correspondence_Oct7/myBuild/CMakeFiles/CMakeTmp/testCCompiler.c
Linking C executable cmTryCompileExec579315850
/playpen/software/cmake-2.8.12-Linux-i386/bin/cmake -E cmake_link_script CMakeFiles/cmTryCompileExec579315850.dir/link.txt --verbose=1
/usr/bin/cc       CMakeFiles/cmTryCompileExec579315850.dir/testCCompiler.c.o  -o cmTryCompileExec579315850 -rdynamic 
make[1]: Leaving directory '/playpen/workspace/newuoa/Correspondence_Oct7/myBuild/CMakeFiles/CMakeTmp'


Detecting C compiler ABI info compiled with the following output:
Change Dir: /playpen/workspace/newuoa/Correspondence_Oct7/myBuild/CMakeFiles/CMakeTmp

Run Build Command:/usr/bin/make "cmTryCompileExec1496748147/fast"
/usr/bin/make -f CMakeFiles/cmTryCompileExec1496748147.dir/build.make CMakeFiles/cmTryCompileExec1496748147.dir/build
make[1]: Entering directory '/playpen/workspace/newuoa/Correspondence_Oct7/myBuild/CMakeFiles/CMakeTmp'
/playpen/software/cmake-2.8.12-Linux-i386/bin/cmake -E cmake_progress_report /playpen/workspace/newuoa/Correspondence_Oct7/myBuild/CMakeFiles/CMakeTmp/CMakeFiles 1
Building C object CMakeFiles/cmTryCompileExec1496748147.dir/CMakeCCompilerABI.c.o
/usr/bin/cc    -o CMakeFiles/cmTryCompileExec1496748147.dir/CMakeCCompilerABI.c.o   -c /playpen/software/cmake-2.8.12-Linux-i386/share/cmake-2.8/Modules/CMakeCCompilerABI.c
Linking C executable cmTryCompileExec1496748147
/playpen/software/cmake-2.8.12-Linux-i386/bin/cmake -E cmake_link_script CMakeFiles/cmTryCompileExec1496748147.dir/link.txt --verbose=1
/usr/bin/cc     -v CMakeFiles/cmTryCompileExec1496748147.dir/CMakeCCompilerABI.c.o  -o cmTryCompileExec1496748147 -rdynamic  
Using built-in specs.
COLLECT_GCC=/usr/bin/cc
COLLECT_LTO_WRAPPER=/usr/lib/gcc/x86_64-linux-gnu/4.8/lto-wrapper
Target: x86_64-linux-gnu
Configured with: ../src/configure -v --with-pkgversion='Ubuntu 4.8.5-4ubuntu8' --with-bugurl=file:///usr/share/doc/gcc-4.8/README.Bugs --enable-languages=c,c++,go,d,fortran,objc,obj-c++ --prefix=/usr --program-suffix=-4.8 --enable-shared --enable-linker-build-id --libexecdir=/usr/lib --without-included-gettext --enable-threads=posix --with-gxx-include-dir=/usr/include/c++/4.8 --libdir=/usr/lib --enable-nls --with-sysroot=/ --enable-clocale=gnu --enable-libstdcxx-debug --enable-libstdcxx-time=yes --enable-gnu-unique-object --disable-libmudflap --enable-plugin --with-system-zlib --enable-objc-gc --enable-multiarch --disable-werror --with-arch-32=i686 --with-abi=m64 --with-multilib-list=m32,m64,mx32 --with-tune=generic --enable-checking=release --build=x86_64-linux-gnu --host=x86_64-linux-gnu --target=x86_64-linux-gnu
Thread model: posix
gcc version 4.8.5 (Ubuntu 4.8.5-4ubuntu8) 
COMPILER_PATH=/usr/lib/gcc/x86_64-linux-gnu/4.8/:/usr/lib/gcc/x86_64-linux-gnu/4.8/:/usr/lib/gcc/x86_64-linux-gnu/:/usr/lib/gcc/x86_64-linux-gnu/4.8/:/usr/lib/gcc/x86_64-linux-gnu/
LIBRARY_PATH=/usr/lib/gcc/x86_64-linux-gnu/4.8/:/usr/lib/gcc/x86_64-linux-gnu/4.8/../../../x86_64-linux-gnu/:/usr/lib/gcc/x86_64-linux-gnu/4.8/../../../../lib/:/lib/x86_64-linux-gnu/:/lib/../lib/:/usr/lib/x86_64-linux-gnu/:/usr/lib/../lib/:/usr/lib/gcc/x86_64-linux-gnu/4.8/../../../:/lib/:/usr/lib/
COLLECT_GCC_OPTIONS='-v' '-o' 'cmTryCompileExec1496748147' '-rdynamic' '-mtune=generic' '-march=x86-64'
 /usr/lib/gcc/x86_64-linux-gnu/4.8/collect2 --sysroot=/ --build-id --eh-frame-hdr -m elf_x86_64 --hash-style=gnu --as-needed -export-dynamic -dynamic-linker /lib64/ld-linux-x86-64.so.2 -z relro -o cmTryCompileExec1496748147 /usr/lib/gcc/x86_64-linux-gnu/4.8/../../../x86_64-linux-gnu/crt1.o /usr/lib/gcc/x86_64-linux-gnu/4.8/../../../x86_64-linux-gnu/crti.o /usr/lib/gcc/x86_64-linux-gnu/4.8/crtbegin.o -L/usr/lib/gcc/x86_64-linux-gnu/4.8 -L/usr/lib/gcc/x86_64-linux-gnu/4.8/../../../x86_64-linux-gnu -L/usr/lib/gcc/x86_64-linux-gnu/4.8/../../../../lib -L/lib/x86_64-linux-gnu -L/lib/../lib -L/usr/lib/x86_64-linux-gnu -L/usr/lib/../lib -L/usr/lib/gcc/x86_64-linux-gnu/4.8/../../.. CMakeFiles/cmTryCompileExec1496748147.dir/CMakeCCompilerABI.c.o -lgcc --as-needed -lgcc_s --no-as-needed -lc -lgcc --as-needed -lgcc_s --no-as-needed /usr/lib/gcc/x86_64-linux-gnu/4.8/crtend.o /usr/lib/gcc/x86_64-linux-gnu/4.8/../../../x86_64-linux-gnu/crtn.o
make[1]: Leaving directory '/playpen/workspace/newuoa/Correspondence_Oct7/myBuild/CMakeFiles/CMakeTmp'


Parsed C implicit link information from above output:
  link line regex: [^( *|.*[/\])(ld|([^/\]+-)?ld|collect2)[^/\]*( |$)]
  ignore line: [Change Dir: /playpen/workspace/newuoa/Correspondence_Oct7/myBuild/CMakeFiles/CMakeTmp]
  ignore line: []
  ignore line: [Run Build Command:/usr/bin/make "cmTryCompileExec1496748147/fast"]
  ignore line: [/usr/bin/make -f CMakeFiles/cmTryCompileExec1496748147.dir/build.make CMakeFiles/cmTryCompileExec1496748147.dir/build]
  ignore line: [make[1]: Entering directory '/playpen/workspace/newuoa/Correspondence_Oct7/myBuild/CMakeFiles/CMakeTmp']
  ignore line: [/playpen/software/cmake-2.8.12-Linux-i386/bin/cmake -E cmake_progress_report /playpen/workspace/newuoa/Correspondence_Oct7/myBuild/CMakeFiles/CMakeTmp/CMakeFiles 1]
  ignore line: [Building C object CMakeFiles/cmTryCompileExec1496748147.dir/CMakeCCompilerABI.c.o]
  ignore line: [/usr/bin/cc    -o CMakeFiles/cmTryCompileExec1496748147.dir/CMakeCCompilerABI.c.o   -c /playpen/software/cmake-2.8.12-Linux-i386/share/cmake-2.8/Modules/CMakeCCompilerABI.c]
  ignore line: [Linking C executable cmTryCompileExec1496748147]
  ignore line: [/playpen/software/cmake-2.8.12-Linux-i386/bin/cmake -E cmake_link_script CMakeFiles/cmTryCompileExec1496748147.dir/link.txt --verbose=1]
  ignore line: [/usr/bin/cc     -v CMakeFiles/cmTryCompileExec1496748147.dir/CMakeCCompilerABI.c.o  -o cmTryCompileExec1496748147 -rdynamic  ]
  ignore line: [Using built-in specs.]
  ignore line: [COLLECT_GCC=/usr/bin/cc]
  ignore line: [COLLECT_LTO_WRAPPER=/usr/lib/gcc/x86_64-linux-gnu/4.8/lto-wrapper]
  ignore line: [Target: x86_64-linux-gnu]
  ignore line: [Configured with: ../src/configure -v --with-pkgversion='Ubuntu 4.8.5-4ubuntu8' --with-bugurl=file:///usr/share/doc/gcc-4.8/README.Bugs --enable-languages=c,c++,go,d,fortran,objc,obj-c++ --prefix=/usr --program-suffix=-4.8 --enable-shared --enable-linker-build-id --libexecdir=/usr/lib --without-included-gettext --enable-threads=posix --with-gxx-include-dir=/usr/include/c++/4.8 --libdir=/usr/lib --enable-nls --with-sysroot=/ --enable-clocale=gnu --enable-libstdcxx-debug --enable-libstdcxx-time=yes --enable-gnu-unique-object --disable-libmudflap --enable-plugin --with-system-zlib --enable-objc-gc --enable-multiarch --disable-werror --with-arch-32=i686 --with-abi=m64 --with-multilib-list=m32,m64,mx32 --with-tune=generic --enable-checking=release --build=x86_64-linux-gnu --host=x86_64-linux-gnu --target=x86_64-linux-gnu]
  ignore line: [Thread model: posix]
  ignore line: [gcc version 4.8.5 (Ubuntu 4.8.5-4ubuntu8) ]
  ignore line: [COMPILER_PATH=/usr/lib/gcc/x86_64-linux-gnu/4.8/:/usr/lib/gcc/x86_64-linux-gnu/4.8/:/usr/lib/gcc/x86_64-linux-gnu/:/usr/lib/gcc/x86_64-linux-gnu/4.8/:/usr/lib/gcc/x86_64-linux-gnu/]
  ignore line: [LIBRARY_PATH=/usr/lib/gcc/x86_64-linux-gnu/4.8/:/usr/lib/gcc/x86_64-linux-gnu/4.8/../../../x86_64-linux-gnu/:/usr/lib/gcc/x86_64-linux-gnu/4.8/../../../../lib/:/lib/x86_64-linux-gnu/:/lib/../lib/:/usr/lib/x86_64-linux-gnu/:/usr/lib/../lib/:/usr/lib/gcc/x86_64-linux-gnu/4.8/../../../:/lib/:/usr/lib/]
  ignore line: [COLLECT_GCC_OPTIONS='-v' '-o' 'cmTryCompileExec1496748147' '-rdynamic' '-mtune=generic' '-march=x86-64']
  link line: [ /usr/lib/gcc/x86_64-linux-gnu/4.8/collect2 --sysroot=/ --build-id --eh-frame-hdr -m elf_x86_64 --hash-style=gnu --as-needed -export-dynamic -dynamic-linker /lib64/ld-linux-x86-64.so.2 -z relro -o cmTryCompileExec1496748147 /usr/lib/gcc/x86_64-linux-gnu/4.8/../../../x86_64-linux-gnu/crt1.o /usr/lib/gcc/x86_64-linux-gnu/4.8/../../../x86_64-linux-gnu/crti.o /usr/lib/gcc/x86_64-linux-gnu/4.8/crtbegin.o -L/usr/lib/gcc/x86_64-linux-gnu/4.8 -L/usr/lib/gcc/x86_64-linux-gnu/4.8/../../../x86_64-linux-gnu -L/usr/lib/gcc/x86_64-linux-gnu/4.8/../../../../lib -L/lib/x86_64-linux-gnu -L/lib/../lib -L/usr/lib/x86_64-linux-gnu -L/usr/lib/../lib -L/usr/lib/gcc/x86_64-linux-gnu/4.8/../../.. CMakeFiles/cmTryCompileExec1496748147.dir/CMakeCCompilerABI.c.o -lgcc --as-needed -lgcc_s --no-as-needed -lc -lgcc --as-needed -lgcc_s --no-as-needed /usr/lib/gcc/x86_64-linux-gnu/4.8/crtend.o /usr/lib/gcc/x86_64-linux-gnu/4.8/../../../x86_64-linux-gnu/crtn.o]
    arg [/usr/lib/gcc/x86_64-linux-gnu/4.8/collect2] ==> ignore
    arg [--sysroot=/] ==> ignore
    arg [--build-id] ==> ignore
    arg [--eh-frame-hdr] ==> ignore
    arg [-m] ==> ignore
    arg [elf_x86_64] ==> ignore
    arg [--hash-style=gnu] ==> ignore
    arg [--as-needed] ==> ignore
    arg [-export-dynamic] ==> ignore
    arg [-dynamic-linker] ==> ignore
    arg [/lib64/ld-linux-x86-64.so.2] ==> ignore
    arg [-zrelro] ==> ignore
    arg [-o] ==> ignore
    arg [cmTryCompileExec1496748147] ==> ignore
    arg [/usr/lib/gcc/x86_64-linux-gnu/4.8/../../../x86_64-linux-gnu/crt1.o] ==> ignore
    arg [/usr/lib/gcc/x86_64-linux-gnu/4.8/../../../x86_64-linux-gnu/crti.o] ==> ignore
    arg [/usr/lib/gcc/x86_64-linux-gnu/4.8/crtbegin.o] ==> ignore
    arg [-L/usr/lib/gcc/x86_64-linux-gnu/4.8] ==> dir [/usr/lib/gcc/x86_64-linux-gnu/4.8]
    arg [-L/usr/lib/gcc/x86_64-linux-gnu/4.8/../../../x86_64-linux-gnu] ==> dir [/usr/lib/gcc/x86_64-linux-gnu/4.8/../../../x86_64-linux-gnu]
    arg [-L/usr/lib/gcc/x86_64-linux-gnu/4.8/../../../../lib] ==> dir [/usr/lib/gcc/x86_64-linux-gnu/4.8/../../../../lib]
    arg [-L/lib/x86_64-linux-gnu] ==> dir [/lib/x86_64-linux-gnu]
    arg [-L/lib/../lib] ==> dir [/lib/../lib]
    arg [-L/usr/lib/x86_64-linux-gnu] ==> dir [/usr/lib/x86_64-linux-gnu]
    arg [-L/usr/lib/../lib] ==> dir [/usr/lib/../lib]
    arg [-L/usr/lib/gcc/x86_64-linux-gnu/4.8/../../..] ==> dir [/usr/lib/gcc/x86_64-linux-gnu/4.8/../../..]
    arg [CMakeFiles/cmTryCompileExec1496748147.dir/CMakeCCompilerABI.c.o] ==> ignore
    arg [-lgcc] ==> lib [gcc]
    arg [--as-needed] ==> ignore
    arg [-lgcc_s] ==> lib [gcc_s]
    arg [--no-as-needed] ==> ignore
    arg [-lc] ==> lib [c]
    arg [-lgcc] ==> lib [gcc]
    arg [--as-needed] ==> ignore
    arg [-lgcc_s] ==> lib [gcc_s]
    arg [--no-as-needed] ==> ignore
    arg [/usr/lib/gcc/x86_64-linux-gnu/4.8/crtend.o] ==> ignore
    arg [/usr/lib/gcc/x86_64-linux-gnu/4.8/../../../x86_64-linux-gnu/crtn.o] ==> ignore
  remove lib [gcc]
  remove lib [gcc_s]
  remove lib [gcc]
  remove lib [gcc_s]
  collapse library dir [/usr/lib/gcc/x86_64-linux-gnu/4.8] ==> [/usr/lib/gcc/x86_64-linux-gnu/4.8]
  collapse library dir [/usr/lib/gcc/x86_64-linux-gnu/4.8/../../../x86_64-linux-gnu] ==> [/usr/lib/x86_64-linux-gnu]
  collapse library dir [/usr/lib/gcc/x86_64-linux-gnu/4.8/../../../../lib] ==> [/usr/lib]
  collapse library dir [/lib/x86_64-linux-gnu] ==> [/lib/x86_64-linux-gnu]
  collapse library dir [/lib/../lib] ==> [/lib]
  collapse library dir [/usr/lib/x86_64-linux-gnu] ==> [/usr/lib/x86_64-linux-gnu]
  collapse library dir [/usr/lib/../lib] ==> [/usr/lib]
  collapse library dir [/usr/lib/gcc/x86_64-linux-gnu/4.8/../../..] ==> [/usr/lib]
  implicit libs: [c]
  implicit dirs: [/usr/lib/gcc/x86_64-linux-gnu/4.8;/usr/lib/x86_64-linux-gnu;/usr/lib;/lib/x86_64-linux-gnu;/lib]
  implicit fwks: []


Determining if the CXX compiler works passed with the following output:
Change Dir: /playpen/workspace/newuoa/Correspondence_Oct7/myBuild/CMakeFiles/CMakeTmp

Run Build Command:/usr/bin/make "cmTryCompileExec911410062/fast"
/usr/bin/make -f CMakeFiles/cmTryCompileExec911410062.dir/build.make CMakeFiles/cmTryCompileExec911410062.dir/build
make[1]: Entering directory '/playpen/workspace/newuoa/Correspondence_Oct7/myBuild/CMakeFiles/CMakeTmp'
/playpen/software/cmake-2.8.12-Linux-i386/bin/cmake -E cmake_progress_report /playpen/workspace/newuoa/Correspondence_Oct7/myBuild/CMakeFiles/CMakeTmp/CMakeFiles 1
Building CXX object CMakeFiles/cmTryCompileExec911410062.dir/testCXXCompiler.cxx.o
/usr/bin/c++     -o CMakeFiles/cmTryCompileExec911410062.dir/testCXXCompiler.cxx.o -c /playpen/workspace/newuoa/Correspondence_Oct7/myBuild/CMakeFiles/CMakeTmp/testCXXCompiler.cxx
Linking CXX executable cmTryCompileExec911410062
/playpen/software/cmake-2.8.12-Linux-i386/bin/cmake -E cmake_link_script CMakeFiles/cmTryCompileExec911410062.dir/link.txt --verbose=1
/usr/bin/c++        CMakeFiles/cmTryCompileExec911410062.dir/testCXXCompiler.cxx.o  -o cmTryCompileExec911410062 -rdynamic 
make[1]: Leaving directory '/playpen/workspace/newuoa/Correspondence_Oct7/myBuild/CMakeFiles/CMakeTmp'


Detecting CXX compiler ABI info compiled with the following output:
Change Dir: /playpen/workspace/newuoa/Correspondence_Oct7/myBuild/CMakeFiles/CMakeTmp

Run Build Command:/usr/bin/make "cmTryCompileExec3324464655/fast"
/usr/bin/make -f CMakeFiles/cmTryCompileExec3324464655.dir/build.make CMakeFiles/cmTryCompileExec3324464655.dir/build
make[1]: Entering directory '/playpen/workspace/newuoa/Correspondence_Oct7/myBuild/CMakeFiles/CMakeTmp'
/playpen/software/cmake-2.8.12-Linux-i386/bin/cmake -E cmake_progress_report /playpen/workspace/newuoa/Correspondence_Oct7/myBuild/CMakeFiles/CMakeTmp/CMakeFiles 1
Building CXX object CMakeFiles/cmTryCompileExec3324464655.dir/CMakeCXXCompilerABI.cpp.o
/usr/bin/c++     -o CMakeFiles/cmTryCompileExec3324464655.dir/CMakeCXXCompilerABI.cpp.o -c /playpen/software/cmake-2.8.12-Linux-i386/share/cmake-2.8/Modules/CMakeCXXCompilerABI.cpp
Linking CXX executable cmTryCompileExec3324464655
/playpen/software/cmake-2.8.12-Linux-i386/bin/cmake -E cmake_link_script CMakeFiles/cmTryCompileExec3324464655.dir/link.txt --verbose=1
/usr/bin/c++      -v CMakeFiles/cmTryCompileExec3324464655.dir/CMakeCXXCompilerABI.cpp.o  -o cmTryCompileExec3324464655 -rdynamic  
Using built-in specs.
COLLECT_GCC=/usr/bin/c++
COLLECT_LTO_WRAPPER=/usr/lib/gcc/x86_64-linux-gnu/4.8/lto-wrapper
Target: x86_64-linux-gnu
Configured with: ../src/configure -v --with-pkgversion='Ubuntu 4.8.5-4ubuntu8' --with-bugurl=file:///usr/share/doc/gcc-4.8/README.Bugs --enable-languages=c,c++,go,d,fortran,objc,obj-c++ --prefix=/usr --program-suffix=-4.8 --enable-shared --enable-linker-build-id --libexecdir=/usr/lib --without-included-gettext --enable-threads=posix --with-gxx-include-dir=/usr/include/c++/4.8 --libdir=/usr/lib --enable-nls --with-sysroot=/ --enable-clocale=gnu --enable-libstdcxx-debug --enable-libstdcxx-time=yes --enable-gnu-unique-object --disable-libmudflap --enable-plugin --with-system-zlib --enable-objc-gc --enable-multiarch --disable-werror --with-arch-32=i686 --with-abi=m64 --with-multilib-list=m32,m64,mx32 --with-tune=generic --enable-checking=release --build=x86_64-linux-gnu --host=x86_64-linux-gnu --target=x86_64-linux-gnu
Thread model: posix
gcc version 4.8.5 (Ubuntu 4.8.5-4ubuntu8) 
COMPILER_PATH=/usr/lib/gcc/x86_64-linux-gnu/4.8/:/usr/lib/gcc/x86_64-linux-gnu/4.8/:/usr/lib/gcc/x86_64-linux-gnu/:/usr/lib/gcc/x86_64-linux-gnu/4.8/:/usr/lib/gcc/x86_64-linux-gnu/
LIBRARY_PATH=/usr/lib/gcc/x86_64-linux-gnu/4.8/:/usr/lib/gcc/x86_64-linux-gnu/4.8/../../../x86_64-linux-gnu/:/usr/lib/gcc/x86_64-linux-gnu/4.8/../../../../lib/:/lib/x86_64-linux-gnu/:/lib/../lib/:/usr/lib/x86_64-linux-gnu/:/usr/lib/../lib/:/usr/lib/gcc/x86_64-linux-gnu/4.8/../../../:/lib/:/usr/lib/
COLLECT_GCC_OPTIONS='-v' '-o' 'cmTryCompileExec3324464655' '-rdynamic' '-shared-libgcc' '-mtune=generic' '-march=x86-64'
 /usr/lib/gcc/x86_64-linux-gnu/4.8/collect2 --sysroot=/ --build-id --eh-frame-hdr -m elf_x86_64 --hash-style=gnu --as-needed -export-dynamic -dynamic-linker /lib64/ld-linux-x86-64.so.2 -z relro -o cmTryCompileExec3324464655 /usr/lib/gcc/x86_64-linux-gnu/4.8/../../../x86_64-linux-gnu/crt1.o /usr/lib/gcc/x86_64-linux-gnu/4.8/../../../x86_64-linux-gnu/crti.o /usr/lib/gcc/x86_64-linux-gnu/4.8/crtbegin.o -L/usr/lib/gcc/x86_64-linux-gnu/4.8 -L/usr/lib/gcc/x86_64-linux-gnu/4.8/../../../x86_64-linux-gnu -L/usr/lib/gcc/x86_64-linux-gnu/4.8/../../../../lib -L/lib/x86_64-linux-gnu -L/lib/../lib -L/usr/lib/x86_64-linux-gnu -L/usr/lib/../lib -L/usr/lib/gcc/x86_64-linux-gnu/4.8/../../.. CMakeFiles/cmTryCompileExec3324464655.dir/CMakeCXXCompilerABI.cpp.o -lstdc++ -lm -lgcc_s -lgcc -lc -lgcc_s -lgcc /usr/lib/gcc/x86_64-linux-gnu/4.8/crtend.o /usr/lib/gcc/x86_64-linux-gnu/4.8/../../../x86_64-linux-gnu/crtn.o
make[1]: Leaving directory '/playpen/workspace/newuoa/Correspondence_Oct7/myBuild/CMakeFiles/CMakeTmp'


Parsed CXX implicit link information from above output:
  link line regex: [^( *|.*[/\])(ld|([^/\]+-)?ld|collect2)[^/\]*( |$)]
  ignore line: [Change Dir: /playpen/workspace/newuoa/Correspondence_Oct7/myBuild/CMakeFiles/CMakeTmp]
  ignore line: []
  ignore line: [Run Build Command:/usr/bin/make "cmTryCompileExec3324464655/fast"]
  ignore line: [/usr/bin/make -f CMakeFiles/cmTryCompileExec3324464655.dir/build.make CMakeFiles/cmTryCompileExec3324464655.dir/build]
  ignore line: [make[1]: Entering directory '/playpen/workspace/newuoa/Correspondence_Oct7/myBuild/CMakeFiles/CMakeTmp']
  ignore line: [/playpen/software/cmake-2.8.12-Linux-i386/bin/cmake -E cmake_progress_report /playpen/workspace/newuoa/Correspondence_Oct7/myBuild/CMakeFiles/CMakeTmp/CMakeFiles 1]
  ignore line: [Building CXX object CMakeFiles/cmTryCompileExec3324464655.dir/CMakeCXXCompilerABI.cpp.o]
  ignore line: [/usr/bin/c++     -o CMakeFiles/cmTryCompileExec3324464655.dir/CMakeCXXCompilerABI.cpp.o -c /playpen/software/cmake-2.8.12-Linux-i386/share/cmake-2.8/Modules/CMakeCXXCompilerABI.cpp]
  ignore line: [Linking CXX executable cmTryCompileExec3324464655]
  ignore line: [/playpen/software/cmake-2.8.12-Linux-i386/bin/cmake -E cmake_link_script CMakeFiles/cmTryCompileExec3324464655.dir/link.txt --verbose=1]
  ignore line: [/usr/bin/c++      -v CMakeFiles/cmTryCompileExec3324464655.dir/CMakeCXXCompilerABI.cpp.o  -o cmTryCompileExec3324464655 -rdynamic  ]
  ignore line: [Using built-in specs.]
  ignore line: [COLLECT_GCC=/usr/bin/c++]
  ignore line: [COLLECT_LTO_WRAPPER=/usr/lib/gcc/x86_64-linux-gnu/4.8/lto-wrapper]
  ignore line: [Target: x86_64-linux-gnu]
  ignore line: [Configured with: ../src/configure -v --with-pkgversion='Ubuntu 4.8.5-4ubuntu8' --with-bugurl=file:///usr/share/doc/gcc-4.8/README.Bugs --enable-languages=c,c++,go,d,fortran,objc,obj-c++ --prefix=/usr --program-suffix=-4.8 --enable-shared --enable-linker-build-id --libexecdir=/usr/lib --without-included-gettext --enable-threads=posix --with-gxx-include-dir=/usr/include/c++/4.8 --libdir=/usr/lib --enable-nls --with-sysroot=/ --enable-clocale=gnu --enable-libstdcxx-debug --enable-libstdcxx-time=yes --enable-gnu-unique-object --disable-libmudflap --enable-plugin --with-system-zlib --enable-objc-gc --enable-multiarch --disable-werror --with-arch-32=i686 --with-abi=m64 --with-multilib-list=m32,m64,mx32 --with-tune=generic --enable-checking=release --build=x86_64-linux-gnu --host=x86_64-linux-gnu --target=x86_64-linux-gnu]
  ignore line: [Thread model: posix]
  ignore line: [gcc version 4.8.5 (Ubuntu 4.8.5-4ubuntu8) ]
  ignore line: [COMPILER_PATH=/usr/lib/gcc/x86_64-linux-gnu/4.8/:/usr/lib/gcc/x86_64-linux-gnu/4.8/:/usr/lib/gcc/x86_64-linux-gnu/:/usr/lib/gcc/x86_64-linux-gnu/4.8/:/usr/lib/gcc/x86_64-linux-gnu/]
  ignore line: [LIBRARY_PATH=/usr/lib/gcc/x86_64-linux-gnu/4.8/:/usr/lib/gcc/x86_64-linux-gnu/4.8/../../../x86_64-linux-gnu/:/usr/lib/gcc/x86_64-linux-gnu/4.8/../../../../lib/:/lib/x86_64-linux-gnu/:/lib/../lib/:/usr/lib/x86_64-linux-gnu/:/usr/lib/../lib/:/usr/lib/gcc/x86_64-linux-gnu/4.8/../../../:/lib/:/usr/lib/]
  ignore line: [COLLECT_GCC_OPTIONS='-v' '-o' 'cmTryCompileExec3324464655' '-rdynamic' '-shared-libgcc' '-mtune=generic' '-march=x86-64']
  link line: [ /usr/lib/gcc/x86_64-linux-gnu/4.8/collect2 --sysroot=/ --build-id --eh-frame-hdr -m elf_x86_64 --hash-style=gnu --as-needed -export-dynamic -dynamic-linker /lib64/ld-linux-x86-64.so.2 -z relro -o cmTryCompileExec3324464655 /usr/lib/gcc/x86_64-linux-gnu/4.8/../../../x86_64-linux-gnu/crt1.o /usr/lib/gcc/x86_64-linux-gnu/4.8/../../../x86_64-linux-gnu/crti.o /usr/lib/gcc/x86_64-linux-gnu/4.8/crtbegin.o -L/usr/lib/gcc/x86_64-linux-gnu/4.8 -L/usr/lib/gcc/x86_64-linux-gnu/4.8/../../../x86_64-linux-gnu -L/usr/lib/gcc/x86_64-linux-gnu/4.8/../../../../lib -L/lib/x86_64-linux-gnu -L/lib/../lib -L/usr/lib/x86_64-linux-gnu -L/usr/lib/../lib -L/usr/lib/gcc/x86_64-linux-gnu/4.8/../../.. CMakeFiles/cmTryCompileExec3324464655.dir/CMakeCXXCompilerABI.cpp.o -lstdc++ -lm -lgcc_s -lgcc -lc -lgcc_s -lgcc /usr/lib/gcc/x86_64-linux-gnu/4.8/crtend.o /usr/lib/gcc/x86_64-linux-gnu/4.8/../../../x86_64-linux-gnu/crtn.o]
    arg [/usr/lib/gcc/x86_64-linux-gnu/4.8/collect2] ==> ignore
    arg [--sysroot=/] ==> ignore
    arg [--build-id] ==> ignore
    arg [--eh-frame-hdr] ==> ignore
    arg [-m] ==> ignore
    arg [elf_x86_64] ==> ignore
    arg [--hash-style=gnu] ==> ignore
    arg [--as-needed] ==> ignore
    arg [-export-dynamic] ==> ignore
    arg [-dynamic-linker] ==> ignore
    arg [/lib64/ld-linux-x86-64.so.2] ==> ignore
    arg [-zrelro] ==> ignore
    arg [-o] ==> ignore
    arg [cmTryCompileExec3324464655] ==> ignore
    arg [/usr/lib/gcc/x86_64-linux-gnu/4.8/../../../x86_64-linux-gnu/crt1.o] ==> ignore
    arg [/usr/lib/gcc/x86_64-linux-gnu/4.8/../../../x86_64-linux-gnu/crti.o] ==> ignore
    arg [/usr/lib/gcc/x86_64-linux-gnu/4.8/crtbegin.o] ==> ignore
    arg [-L/usr/lib/gcc/x86_64-linux-gnu/4.8] ==> dir [/usr/lib/gcc/x86_64-linux-gnu/4.8]
    arg [-L/usr/lib/gcc/x86_64-linux-gnu/4.8/../../../x86_64-linux-gnu] ==> dir [/usr/lib/gcc/x86_64-linux-gnu/4.8/../../../x86_64-linux-gnu]
    arg [-L/usr/lib/gcc/x86_64-linux-gnu/4.8/../../../../lib] ==> dir [/usr/lib/gcc/x86_64-linux-gnu/4.8/../../../../lib]
    arg [-L/lib/x86_64-linux-gnu] ==> dir [/lib/x86_64-linux-gnu]
    arg [-L/lib/../lib] ==> dir [/lib/../lib]
    arg [-L/usr/lib/x86_64-linux-gnu] ==> dir [/usr/lib/x86_64-linux-gnu]
    arg [-L/usr/lib/../lib] ==> dir [/usr/lib/../lib]
    arg [-L/usr/lib/gcc/x86_64-linux-gnu/4.8/../../..] ==> dir [/usr/lib/gcc/x86_64-linux-gnu/4.8/../../..]
    arg [CMakeFiles/cmTryCompileExec3324464655.dir/CMakeCXXCompilerABI.cpp.o] ==> ignore
    arg [-lstdc++] ==> lib [stdc++]
    arg [-lm] ==> lib [m]
    arg [-lgcc_s] ==> lib [gcc_s]
    arg [-lgcc] ==> lib [gcc]
    arg [-lc] ==> lib [c]
    arg [-lgcc_s] ==> lib [gcc_s]
    arg [-lgcc] ==> lib [gcc]
    arg [/usr/lib/gcc/x86_64-linux-gnu/4.8/crtend.o] ==> ignore
    arg [/usr/lib/gcc/x86_64-linux-gnu/4.8/../../../x86_64-linux-gnu/crtn.o] ==> ignore
  remove lib [gcc_s]
  remove lib [gcc]
  remove lib [gcc_s]
  remove lib [gcc]
  collapse library dir [/usr/lib/gcc/x86_64-linux-gnu/4.8] ==> [/usr/lib/gcc/x86_64-linux-gnu/4.8]
  collapse library dir [/usr/lib/gcc/x86_64-linux-gnu/4.8/../../../x86_64-linux-gnu] ==> [/usr/lib/x86_64-linux-gnu]
  collapse library dir [/usr/lib/gcc/x86_64-linux-gnu/4.8/../../../../lib] ==> [/usr/lib]
  collapse library dir [/lib/x86_64-linux-gnu] ==> [/lib/x86_64-linux-gnu]
  collapse library dir [/lib/../lib] ==> [/lib]
  collapse library dir [/usr/lib/x86_64-linux-gnu] ==> [/usr/lib/x86_64-linux-gnu]
  collapse library dir [/usr/lib/../lib] ==> [/usr/lib]
  collapse library dir [/usr/lib/gcc/x86_64-linux-gnu/4.8/../../..] ==> [/usr/lib]
  implicit libs: [stdc++;m;c]
  implicit dirs: [/usr/lib/gcc/x86_64-linux-gnu/4.8;/usr/lib/x86_64-linux-gnu;/usr/lib;/lib/x86_64-linux-gnu;/lib]
  implicit fwks: []


Determining if the function XOpenDisplay exists in the /usr/lib/x86_64-linux-gnu/libX11.so;/usr/lib/x86_64-linux-gnu/libXext.so passed with the following output:
Change Dir: /playpen/workspace/newuoa/Correspondence_Oct7/myBuild/CMakeFiles/CMakeTmp

Run Build Command:/usr/bin/make "cmTryCompileExec1679646270/fast"
/usr/bin/make -f CMakeFiles/cmTryCompileExec1679646270.dir/build.make CMakeFiles/cmTryCompileExec1679646270.dir/build
make[1]: Entering directory '/playpen/workspace/newuoa/Correspondence_Oct7/myBuild/CMakeFiles/CMakeTmp'
/playpen/software/cmake-2.8.12-Linux-i386/bin/cmake -E cmake_progress_report /playpen/workspace/newuoa/Correspondence_Oct7/myBuild/CMakeFiles/CMakeTmp/CMakeFiles 1
Building C object CMakeFiles/cmTryCompileExec1679646270.dir/CheckFunctionExists.c.o
/usr/bin/cc   -DCHECK_FUNCTION_EXISTS=XOpenDisplay   -o CMakeFiles/cmTryCompileExec1679646270.dir/CheckFunctionExists.c.o   -c /playpen/software/cmake-2.8.12-Linux-i386/share/cmake-2.8/Modules/CheckFunctionExists.c
Linking C executable cmTryCompileExec1679646270
/playpen/software/cmake-2.8.12-Linux-i386/bin/cmake -E cmake_link_script CMakeFiles/cmTryCompileExec1679646270.dir/link.txt --verbose=1
/usr/bin/cc    -DCHECK_FUNCTION_EXISTS=XOpenDisplay    CMakeFiles/cmTryCompileExec1679646270.dir/CheckFunctionExists.c.o  -o cmTryCompileExec1679646270 -rdynamic -lX11 -lXext 
make[1]: Leaving directory '/playpen/workspace/newuoa/Correspondence_Oct7/myBuild/CMakeFiles/CMakeTmp'


Determining if the function gethostbyname exists passed with the following output:
Change Dir: /playpen/workspace/newuoa/Correspondence_Oct7/myBuild/CMakeFiles/CMakeTmp

Run Build Command:/usr/bin/make "cmTryCompileExec3017717238/fast"
/usr/bin/make -f CMakeFiles/cmTryCompileExec3017717238.dir/build.make CMakeFiles/cmTryCompileExec3017717238.dir/build
make[1]: Entering directory '/playpen/workspace/newuoa/Correspondence_Oct7/myBuild/CMakeFiles/CMakeTmp'
/playpen/software/cmake-2.8.12-Linux-i386/bin/cmake -E cmake_progress_report /playpen/workspace/newuoa/Correspondence_Oct7/myBuild/CMakeFiles/CMakeTmp/CMakeFiles 1
Building C object CMakeFiles/cmTryCompileExec3017717238.dir/CheckFunctionExists.c.o
/usr/bin/cc   -DCHECK_FUNCTION_EXISTS=gethostbyname   -o CMakeFiles/cmTryCompileExec3017717238.dir/CheckFunctionExists.c.o   -c /playpen/software/cmake-2.8.12-Linux-i386/share/cmake-2.8/Modules/CheckFunctionExists.c
Linking C executable cmTryCompileExec3017717238
/playpen/software/cmake-2.8.12-Linux-i386/bin/cmake -E cmake_link_script CMakeFiles/cmTryCompileExec3017717238.dir/link.txt --verbose=1
/usr/bin/cc    -DCHECK_FUNCTION_EXISTS=gethostbyname    CMakeFiles/cmTryCompileExec3017717238.dir/CheckFunctionExists.c.o  -o cmTryCompileExec3017717238 -rdynamic 
make[1]: Leaving directory '/playpen/workspace/newuoa/Correspondence_Oct7/myBuild/CMakeFiles/CMakeTmp'


Determining if the function connect exists passed with the following output:
Change Dir: /playpen/workspace/newuoa/Correspondence_Oct7/myBuild/CMakeFiles/CMakeTmp

Run Build Command:/usr/bin/make "cmTryCompileExec61540565/fast"
/usr/bin/make -f CMakeFiles/cmTryCompileExec61540565.dir/build.make CMakeFiles/cmTryCompileExec61540565.dir/build
make[1]: Entering directory '/playpen/workspace/newuoa/Correspondence_Oct7/myBuild/CMakeFiles/CMakeTmp'
/playpen/software/cmake-2.8.12-Linux-i386/bin/cmake -E cmake_progress_report /playpen/workspace/newuoa/Correspondence_Oct7/myBuild/CMakeFiles/CMakeTmp/CMakeFiles 1
Building C object CMakeFiles/cmTryCompileExec61540565.dir/CheckFunctionExists.c.o
/usr/bin/cc   -DCHECK_FUNCTION_EXISTS=connect   -o CMakeFiles/cmTryCompileExec61540565.dir/CheckFunctionExists.c.o   -c /playpen/software/cmake-2.8.12-Linux-i386/share/cmake-2.8/Modules/CheckFunctionExists.c
Linking C executable cmTryCompileExec61540565
/playpen/software/cmake-2.8.12-Linux-i386/bin/cmake -E cmake_link_script CMakeFiles/cmTryCompileExec61540565.dir/link.txt --verbose=1
/usr/bin/cc    -DCHECK_FUNCTION_EXISTS=connect    CMakeFiles/cmTryCompileExec61540565.dir/CheckFunctionExists.c.o  -o cmTryCompileExec61540565 -rdynamic 
make[1]: Leaving directory '/playpen/workspace/newuoa/Correspondence_Oct7/myBuild/CMakeFiles/CMakeTmp'


Determining if the function remove exists passed with the following output:
Change Dir: /playpen/workspace/newuoa/Correspondence_Oct7/myBuild/CMakeFiles/CMakeTmp

Run Build Command:/usr/bin/make "cmTryCompileExec3818356131/fast"
/usr/bin/make -f CMakeFiles/cmTryCompileExec3818356131.dir/build.make CMakeFiles/cmTryCompileExec3818356131.dir/build
make[1]: Entering directory '/playpen/workspace/newuoa/Correspondence_Oct7/myBuild/CMakeFiles/CMakeTmp'
/playpen/software/cmake-2.8.12-Linux-i386/bin/cmake -E cmake_progress_report /playpen/workspace/newuoa/Correspondence_Oct7/myBuild/CMakeFiles/CMakeTmp/CMakeFiles 1
Building C object CMakeFiles/cmTryCompileExec3818356131.dir/CheckFunctionExists.c.o
/usr/bin/cc   -DCHECK_FUNCTION_EXISTS=remove   -o CMakeFiles/cmTryCompileExec3818356131.dir/CheckFunctionExists.c.o   -c /playpen/software/cmake-2.8.12-Linux-i386/share/cmake-2.8/Modules/CheckFunctionExists.c
Linking C executable cmTryCompileExec3818356131
/playpen/software/cmake-2.8.12-Linux-i386/bin/cmake -E cmake_link_script CMakeFiles/cmTryCompileExec3818356131.dir/link.txt --verbose=1
/usr/bin/cc    -DCHECK_FUNCTION_EXISTS=remove    CMakeFiles/cmTryCompileExec3818356131.dir/CheckFunctionExists.c.o  -o cmTryCompileExec3818356131 -rdynamic 
make[1]: Leaving directory '/playpen/workspace/newuoa/Correspondence_Oct7/myBuild/CMakeFiles/CMakeTmp'


Determining if the function shmat exists passed with the following output:
Change Dir: /playpen/workspace/newuoa/Correspondence_Oct7/myBuild/CMakeFiles/CMakeTmp

Run Build Command:/usr/bin/make "cmTryCompileExec1004624360/fast"
/usr/bin/make -f CMakeFiles/cmTryCompileExec1004624360.dir/build.make CMakeFiles/cmTryCompileExec1004624360.dir/build
make[1]: Entering directory '/playpen/workspace/newuoa/Correspondence_Oct7/myBuild/CMakeFiles/CMakeTmp'
/playpen/software/cmake-2.8.12-Linux-i386/bin/cmake -E cmake_progress_report /playpen/workspace/newuoa/Correspondence_Oct7/myBuild/CMakeFiles/CMakeTmp/CMakeFiles 1
Building C object CMakeFiles/cmTryCompileExec1004624360.dir/CheckFunctionExists.c.o
/usr/bin/cc   -DCHECK_FUNCTION_EXISTS=shmat   -o CMakeFiles/cmTryCompileExec1004624360.dir/CheckFunctionExists.c.o   -c /playpen/software/cmake-2.8.12-Linux-i386/share/cmake-2.8/Modules/CheckFunctionExists.c
Linking C executable cmTryCompileExec1004624360
/playpen/software/cmake-2.8.12-Linux-i386/bin/cmake -E cmake_link_script CMakeFiles/cmTryCompileExec1004624360.dir/link.txt --verbose=1
/usr/bin/cc    -DCHECK_FUNCTION_EXISTS=shmat    CMakeFiles/cmTryCompileExec1004624360.dir/CheckFunctionExists.c.o  -o cmTryCompileExec1004624360 -rdynamic 
make[1]: Leaving directory '/playpen/workspace/newuoa/Correspondence_Oct7/myBuild/CMakeFiles/CMakeTmp'


Determining if the function IceConnectionNumber exists in the ICE passed with the following output:
Change Dir: /playpen/workspace/newuoa/Correspondence_Oct7/myBuild/CMakeFiles/CMakeTmp

Run Build Command:/usr/bin/make "cmTryCompileExec1632225029/fast"
/usr/bin/make -f CMakeFiles/cmTryCompileExec1632225029.dir/build.make CMakeFiles/cmTryCompileExec1632225029.dir/build
make[1]: Entering directory '/playpen/workspace/newuoa/Correspondence_Oct7/myBuild/CMakeFiles/CMakeTmp'
/playpen/software/cmake-2.8.12-Linux-i386/bin/cmake -E cmake_progress_report /playpen/workspace/newuoa/Correspondence_Oct7/myBuild/CMakeFiles/CMakeTmp/CMakeFiles 1
Building C object CMakeFiles/cmTryCompileExec1632225029.dir/CheckFunctionExists.c.o
/usr/bin/cc   -DCHECK_FUNCTION_EXISTS=IceConnectionNumber   -o CMakeFiles/cmTryCompileExec1632225029.dir/CheckFunctionExists.c.o   -c /playpen/software/cmake-2.8.12-Linux-i386/share/cmake-2.8/Modules/CheckFunctionExists.c
Linking C executable cmTryCompileExec1632225029
/playpen/software/cmake-2.8.12-Linux-i386/bin/cmake -E cmake_link_script CMakeFiles/cmTryCompileExec1632225029.dir/link.txt --verbose=1
/usr/bin/cc    -DCHECK_FUNCTION_EXISTS=IceConnectionNumber    CMakeFiles/cmTryCompileExec1632225029.dir/CheckFunctionExists.c.o  -o cmTryCompileExec1632225029 -rdynamic -lICE 
make[1]: Leaving directory '/playpen/workspace/newuoa/Correspondence_Oct7/myBuild/CMakeFiles/CMakeTmp'


Determining if the function sgemm_ exists passed with the following output:
Change Dir: /playpen/workspace/newuoa/Correspondence_Oct7/myBuild/CMakeFiles/CMakeTmp

Run Build Command:/usr/bin/make "cmTryCompileExec1771342722/fast"
/usr/bin/make -f CMakeFiles/cmTryCompileExec1771342722.dir/build.make CMakeFiles/cmTryCompileExec1771342722.dir/build
make[1]: Entering directory '/playpen/workspace/newuoa/Correspondence_Oct7/myBuild/CMakeFiles/CMakeTmp'
/playpen/software/cmake-2.8.12-Linux-i386/bin/cmake -E cmake_progress_report /playpen/workspace/newuoa/Correspondence_Oct7/myBuild/CMakeFiles/CMakeTmp/CMakeFiles 1
Building C object CMakeFiles/cmTryCompileExec1771342722.dir/CheckFunctionExists.c.o
/usr/bin/cc   -DCHECK_FUNCTION_EXISTS=sgemm_   -o CMakeFiles/cmTryCompileExec1771342722.dir/CheckFunctionExists.c.o   -c /playpen/software/cmake-2.8.12-Linux-i386/share/cmake-2.8/Modules/CheckFunctionExists.c
Linking C executable cmTryCompileExec1771342722
/playpen/software/cmake-2.8.12-Linux-i386/bin/cmake -E cmake_link_script CMakeFiles/cmTryCompileExec1771342722.dir/link.txt --verbose=1
/usr/bin/cc    -DCHECK_FUNCTION_EXISTS=sgemm_    CMakeFiles/cmTryCompileExec1771342722.dir/CheckFunctionExists.c.o  -o cmTryCompileExec1771342722 -rdynamic -lblas 
make[1]: Leaving directory '/playpen/workspace/newuoa/Correspondence_Oct7/myBuild/CMakeFiles/CMakeTmp'


Determining if files pthread.h exist passed with the following output:
Change Dir: /playpen/workspace/newuoa/Correspondence_Oct7/myBuild/CMakeFiles/CMakeTmp

Run Build Command:/usr/bin/make "cmTryCompileExec2157055046/fast"
/usr/bin/make -f CMakeFiles/cmTryCompileExec2157055046.dir/build.make CMakeFiles/cmTryCompileExec2157055046.dir/build
make[1]: Entering directory '/playpen/workspace/newuoa/Correspondence_Oct7/myBuild/CMakeFiles/CMakeTmp'
/playpen/software/cmake-2.8.12-Linux-i386/bin/cmake -E cmake_progress_report /playpen/workspace/newuoa/Correspondence_Oct7/myBuild/CMakeFiles/CMakeTmp/CMakeFiles 1
Building C object CMakeFiles/cmTryCompileExec2157055046.dir/CheckIncludeFiles.c.o
/usr/bin/cc    -o CMakeFiles/cmTryCompileExec2157055046.dir/CheckIncludeFiles.c.o   -c /playpen/workspace/newuoa/Correspondence_Oct7/myBuild/CMakeFiles/CMakeTmp/CheckIncludeFiles.c
Linking C executable cmTryCompileExec2157055046
/playpen/software/cmake-2.8.12-Linux-i386/bin/cmake -E cmake_link_script CMakeFiles/cmTryCompileExec2157055046.dir/link.txt --verbose=1
/usr/bin/cc        CMakeFiles/cmTryCompileExec2157055046.dir/CheckIncludeFiles.c.o  -o cmTryCompileExec2157055046 -rdynamic 
make[1]: Leaving directory '/playpen/workspace/newuoa/Correspondence_Oct7/myBuild/CMakeFiles/CMakeTmp'


Determining if the function pthread_create exists in the pthread passed with the following output:
Change Dir: /playpen/workspace/newuoa/Correspondence_Oct7/myBuild/CMakeFiles/CMakeTmp

Run Build Command:/usr/bin/make "cmTryCompileExec374762069/fast"
/usr/bin/make -f CMakeFiles/cmTryCompileExec374762069.dir/build.make CMakeFiles/cmTryCompileExec374762069.dir/build
make[1]: Entering directory '/playpen/workspace/newuoa/Correspondence_Oct7/myBuild/CMakeFiles/CMakeTmp'
/playpen/software/cmake-2.8.12-Linux-i386/bin/cmake -E cmake_progress_report /playpen/workspace/newuoa/Correspondence_Oct7/myBuild/CMakeFiles/CMakeTmp/CMakeFiles 1
Building C object CMakeFiles/cmTryCompileExec374762069.dir/CheckFunctionExists.c.o
/usr/bin/cc   -DCHECK_FUNCTION_EXISTS=pthread_create   -o CMakeFiles/cmTryCompileExec374762069.dir/CheckFunctionExists.c.o   -c /playpen/software/cmake-2.8.12-Linux-i386/share/cmake-2.8/Modules/CheckFunctionExists.c
Linking C executable cmTryCompileExec374762069
/playpen/software/cmake-2.8.12-Linux-i386/bin/cmake -E cmake_link_script CMakeFiles/cmTryCompileExec374762069.dir/link.txt --verbose=1
/usr/bin/cc    -DCHECK_FUNCTION_EXISTS=pthread_create    CMakeFiles/cmTryCompileExec374762069.dir/CheckFunctionExists.c.o  -o cmTryCompileExec374762069 -rdynamic -lpthread 
make[1]: Leaving directory '/playpen/workspace/newuoa/Correspondence_Oct7/myBuild/CMakeFiles/CMakeTmp'


Determining if the function cheev_ exists passed with the following output:
Change Dir: /playpen/workspace/newuoa/Correspondence_Oct7/myBuild/CMakeFiles/CMakeTmp

Run Build Command:/usr/bin/make "cmTryCompileExec2179792398/fast"
/usr/bin/make -f CMakeFiles/cmTryCompileExec2179792398.dir/build.make CMakeFiles/cmTryCompileExec2179792398.dir/build
make[1]: Entering directory '/playpen/workspace/newuoa/Correspondence_Oct7/myBuild/CMakeFiles/CMakeTmp'
/playpen/software/cmake-2.8.12-Linux-i386/bin/cmake -E cmake_progress_report /playpen/workspace/newuoa/Correspondence_Oct7/myBuild/CMakeFiles/CMakeTmp/CMakeFiles 1
Building C object CMakeFiles/cmTryCompileExec2179792398.dir/CheckFunctionExists.c.o
/usr/bin/cc   -DCHECK_FUNCTION_EXISTS=cheev_   -o CMakeFiles/cmTryCompileExec2179792398.dir/CheckFunctionExists.c.o   -c /playpen/software/cmake-2.8.12-Linux-i386/share/cmake-2.8/Modules/CheckFunctionExists.c
Linking C executable cmTryCompileExec2179792398
/playpen/software/cmake-2.8.12-Linux-i386/bin/cmake -E cmake_link_script CMakeFiles/cmTryCompileExec2179792398.dir/link.txt --verbose=1
/usr/bin/cc    -DCHECK_FUNCTION_EXISTS=cheev_    CMakeFiles/cmTryCompileExec2179792398.dir/CheckFunctionExists.c.o  -o cmTryCompileExec2179792398 -rdynamic -llapack -lblas 
make[1]: Leaving directory '/playpen/workspace/newuoa/Correspondence_Oct7/myBuild/CMakeFiles/CMakeTmp'


