Determining if the pthread_create exist failed with the following output:
Change Dir: /work/ltu/Correspondence_Oct7/binPablo2_Oct7/CMakeFiles/CMakeTmp

Run Build Command:/usr/bin/gmake "cmTryCompileExec/fast"
/usr/bin/gmake -f CMakeFiles/cmTryCompileExec.dir/build.make CMakeFiles/cmTryCompileExec.dir/build
gmake[1]: Entering directory `/NIRAL/work/ltu/Correspondence_Oct7/binPablo2_Oct7/CMakeFiles/CMakeTmp'
/NIRAL/tools/bin_linux64/cmake -E cmake_progress_report /work/ltu/Correspondence_Oct7/binPablo2_Oct7/CMakeFiles/CMakeTmp/CMakeFiles 1
Building C object CMakeFiles/cmTryCompileExec.dir/CheckSymbolExists.c.o
/usr/bin/gcc    -o CMakeFiles/cmTryCompileExec.dir/CheckSymbolExists.c.o   -c /work/ltu/Correspondence_Oct7/binPablo2_Oct7/CMakeFiles/CMakeTmp/CheckSymbolExists.c
Linking C executable cmTryCompileExec
/NIRAL/tools/bin_linux64/cmake -E cmake_link_script CMakeFiles/cmTryCompileExec.dir/link.txt --verbose=1
/usr/bin/gcc          CMakeFiles/cmTryCompileExec.dir/CheckSymbolExists.c.o  -o cmTryCompileExec -rdynamic 
CMakeFiles/cmTryCompileExec.dir/CheckSymbolExists.c.o: In function `main':
CheckSymbolExists.c:(.text+0xc): undefined reference to `pthread_create'
collect2: ld returned 1 exit status
gmake[1]: Leaving directory `/NIRAL/work/ltu/Correspondence_Oct7/binPablo2_Oct7/CMakeFiles/CMakeTmp'
gmake[1]: *** [cmTryCompileExec] Error 1
gmake: *** [cmTryCompileExec/fast] Error 2

File /work/ltu/Correspondence_Oct7/binPablo2_Oct7/CMakeFiles/CMakeTmp/CheckSymbolExists.c:
/* */
#include <pthread.h>

int main(int argc, char** argv)
{
  (void)argv;
#ifndef pthread_create
  return ((int*)(&pthread_create))[argc];
#else
  (void)argc;
  return 0;
#endif
}

Determining if the function pthread_create exists in the pthreads failed with the following output:
Change Dir: /work/ltu/Correspondence_Oct7/binPablo2_Oct7/CMakeFiles/CMakeTmp

Run Build Command:/usr/bin/gmake "cmTryCompileExec/fast"
/usr/bin/gmake -f CMakeFiles/cmTryCompileExec.dir/build.make CMakeFiles/cmTryCompileExec.dir/build
gmake[1]: Entering directory `/NIRAL/work/ltu/Correspondence_Oct7/binPablo2_Oct7/CMakeFiles/CMakeTmp'
/NIRAL/tools/bin_linux64/cmake -E cmake_progress_report /work/ltu/Correspondence_Oct7/binPablo2_Oct7/CMakeFiles/CMakeTmp/CMakeFiles 1
Building C object CMakeFiles/cmTryCompileExec.dir/CheckFunctionExists.c.o
/usr/bin/gcc   -DCHECK_FUNCTION_EXISTS=pthread_create   -o CMakeFiles/cmTryCompileExec.dir/CheckFunctionExists.c.o   -c /NIRAL/tools/share/cmake-2.8/Modules/CheckFunctionExists.c
Linking C executable cmTryCompileExec
/NIRAL/tools/bin_linux64/cmake -E cmake_link_script CMakeFiles/cmTryCompileExec.dir/link.txt --verbose=1
/usr/bin/gcc      -DCHECK_FUNCTION_EXISTS=pthread_create    CMakeFiles/cmTryCompileExec.dir/CheckFunctionExists.c.o  -o cmTryCompileExec -rdynamic -lpthreads 
/usr/bin/ld: cannot find -lpthreads
collect2: ld returned 1 exit status
gmake[1]: Leaving directory `/NIRAL/work/ltu/Correspondence_Oct7/binPablo2_Oct7/CMakeFiles/CMakeTmp'
gmake[1]: *** [cmTryCompileExec] Error 1
gmake: *** [cmTryCompileExec/fast] Error 2


